2024-07-10 18:10:05,936 [INFO] Analyzing Beethoven, Ludwig van - 7 Variations on God Save the King in C Major, B078 ...
2024-07-10 18:10:07,066 [DEBUG] File loaded with music21 in 1.13 seconds
2024-07-10 18:10:07,566 [DEBUG] Note graph created in 0.50 seconds
2024-07-10 18:10:07,711 [DEBUG] Rhythm tree created in 0.14 seconds
2024-07-10 18:10:08,975 [DEBUG] Rhythm tree analyzed in 1.26 seconds
2024-07-10 18:10:09,807 [DEBUG] Tonal graph created in 0.83 seconds
2024-07-10 18:10:09,858 [INFO] Accuracy: 83.33%
2024-07-10 18:10:09,860 [DEBUG] Roman Numeral created and saved in 0.05 seconds
2024-07-10 18:10:09,864 [INFO] Completed in 3.93 seconds
2024-07-10 18:10:09,864 [INFO] Analyzing Chopin, Frédéric - Prelude Op. 28 No. 20 in c minor ...
2024-07-10 18:10:09,937 [DEBUG] File loaded with music21 in 0.07 seconds
2024-07-10 18:10:09,972 [DEBUG] Note graph created in 0.03 seconds
2024-07-10 18:10:09,976 [DEBUG] Rhythm tree created in 0.00 seconds
2024-07-10 18:10:10,058 [DEBUG] Rhythm tree analyzed in 0.08 seconds
2024-07-10 18:10:10,120 [DEBUG] Tonal graph created in 0.06 seconds
2024-07-10 18:10:10,163 [INFO] Accuracy: 66.67%
2024-07-10 18:10:10,164 [DEBUG] Roman Numeral created and saved in 0.04 seconds
2024-07-10 18:10:10,164 [INFO] Completed in 0.30 seconds
2024-07-10 18:10:10,164 [INFO] Analyzing Franz, Schubert - Impromptu Op. 90 No. 2 ...
2024-07-10 18:10:11,026 [DEBUG] File loaded with music21 in 0.86 seconds
2024-07-10 18:10:11,232 [DEBUG] Note graph created in 0.20 seconds
2024-07-10 18:10:11,288 [DEBUG] Rhythm tree created in 0.06 seconds
2024-07-10 18:10:11,775 [DEBUG] Rhythm tree analyzed in 0.49 seconds
2024-07-10 18:10:12,086 [DEBUG] Tonal graph created in 0.31 seconds
2024-07-10 18:10:12,239 [INFO] Accuracy: 47.76%
2024-07-10 18:10:12,239 [DEBUG] Roman Numeral created and saved in 0.15 seconds
2024-07-10 18:10:12,239 [INFO] Completed in 2.07 seconds
2024-07-10 18:10:12,239 [INFO] Analyzing Franz, Schubert - Schwanengesang - No.4 Ständchen ...
2024-07-10 18:10:12,618 [DEBUG] File loaded with music21 in 0.38 seconds
2024-07-10 18:10:12,767 [DEBUG] Note graph created in 0.15 seconds
2024-07-10 18:10:12,788 [DEBUG] Rhythm tree created in 0.02 seconds
2024-07-10 18:10:13,223 [DEBUG] Rhythm tree analyzed in 0.43 seconds
2024-07-10 18:10:13,349 [DEBUG] Tonal graph created in 0.13 seconds
2024-07-10 18:10:13,455 [INFO] Accuracy: 78.95%
2024-07-10 18:10:13,455 [DEBUG] Roman Numeral created and saved in 0.11 seconds
2024-07-10 18:10:13,455 [INFO] Completed in 1.22 seconds
2024-07-10 18:10:13,455 [INFO] Analyzing Hensel, Fanny - 3 Lieder - No.1 Sehnsucht ...
2024-07-10 18:10:13,564 [DEBUG] File loaded with music21 in 0.11 seconds
2024-07-10 18:10:13,598 [DEBUG] Note graph created in 0.03 seconds
2024-07-10 18:10:13,604 [DEBUG] Rhythm tree created in 0.01 seconds
2024-07-10 18:10:13,771 [DEBUG] Rhythm tree analyzed in 0.17 seconds
2024-07-10 18:10:13,848 [DEBUG] Tonal graph created in 0.08 seconds
2024-07-10 18:10:13,879 [INFO] Accuracy: 70.31%
2024-07-10 18:10:13,880 [DEBUG] Roman Numeral created and saved in 0.03 seconds
2024-07-10 18:10:13,880 [INFO] Completed in 0.42 seconds
2024-07-10 18:10:13,880 [INFO] Overall accuracy: 69.40%
