2024-07-10 18:08:46,912 [INFO] Analyzing Beethoven, Ludwig van - 7 Variations on God Save the King in C Major, B078 ...
2024-07-10 18:08:48,019 [DEBUG] File loaded with music21 in 1.11 seconds
2024-07-10 18:08:48,491 [DEBUG] Note graph created in 0.47 seconds
2024-07-10 18:08:48,641 [DEBUG] Rhythm tree created in 0.15 seconds
2024-07-10 18:08:49,948 [DEBUG] Rhythm tree analyzed in 1.31 seconds
2024-07-10 18:08:50,794 [DEBUG] Tonal graph created in 0.85 seconds
2024-07-10 18:08:50,856 [INFO] Accuracy: 83.33%
2024-07-10 18:08:50,856 [DEBUG] Roman Numeral created and saved in 0.06 seconds
2024-07-10 18:08:50,857 [INFO] Completed in 3.95 seconds
2024-07-10 18:08:50,857 [INFO] Analyzing Chopin, Frédéric - Prelude Op. 28 No. 20 in c minor ...
2024-07-10 18:08:50,944 [DEBUG] File loaded with music21 in 0.09 seconds
2024-07-10 18:08:50,981 [DEBUG] Note graph created in 0.04 seconds
2024-07-10 18:08:50,985 [DEBUG] Rhythm tree created in 0.00 seconds
2024-07-10 18:08:51,068 [DEBUG] Rhythm tree analyzed in 0.08 seconds
2024-07-10 18:08:51,131 [DEBUG] Tonal graph created in 0.06 seconds
2024-07-10 18:08:51,171 [INFO] Accuracy: 66.67%
2024-07-10 18:08:51,171 [DEBUG] Roman Numeral created and saved in 0.04 seconds
2024-07-10 18:08:51,171 [INFO] Completed in 0.31 seconds
2024-07-10 18:08:51,171 [INFO] Analyzing Franz, Schubert - Impromptu Op. 90 No. 2 ...
2024-07-10 18:08:52,005 [DEBUG] File loaded with music21 in 0.83 seconds
2024-07-10 18:08:52,220 [DEBUG] Note graph created in 0.22 seconds
2024-07-10 18:08:52,278 [DEBUG] Rhythm tree created in 0.06 seconds
2024-07-10 18:08:52,765 [DEBUG] Rhythm tree analyzed in 0.49 seconds
2024-07-10 18:08:53,078 [DEBUG] Tonal graph created in 0.31 seconds
2024-07-10 18:08:53,243 [INFO] Accuracy: 47.76%
2024-07-10 18:08:53,243 [DEBUG] Roman Numeral created and saved in 0.17 seconds
2024-07-10 18:08:53,243 [INFO] Completed in 2.07 seconds
2024-07-10 18:08:53,244 [INFO] Analyzing Franz, Schubert - Schwanengesang - No.4 Ständchen ...
2024-07-10 18:08:53,624 [DEBUG] File loaded with music21 in 0.38 seconds
2024-07-10 18:08:53,779 [DEBUG] Note graph created in 0.15 seconds
2024-07-10 18:08:53,801 [DEBUG] Rhythm tree created in 0.02 seconds
2024-07-10 18:08:54,236 [DEBUG] Rhythm tree analyzed in 0.43 seconds
2024-07-10 18:08:54,359 [DEBUG] Tonal graph created in 0.12 seconds
2024-07-10 18:08:54,483 [INFO] Accuracy: 78.95%
2024-07-10 18:08:54,484 [DEBUG] Roman Numeral created and saved in 0.12 seconds
2024-07-10 18:08:54,484 [INFO] Completed in 1.24 seconds
2024-07-10 18:08:54,484 [INFO] Analyzing Hensel, Fanny - 3 Lieder - No.1 Sehnsucht ...
2024-07-10 18:08:54,599 [DEBUG] File loaded with music21 in 0.11 seconds
2024-07-10 18:08:54,634 [DEBUG] Note graph created in 0.03 seconds
2024-07-10 18:08:54,640 [DEBUG] Rhythm tree created in 0.01 seconds
2024-07-10 18:08:54,812 [DEBUG] Rhythm tree analyzed in 0.17 seconds
2024-07-10 18:08:54,889 [DEBUG] Tonal graph created in 0.08 seconds
2024-07-10 18:08:54,922 [INFO] Accuracy: 70.31%
2024-07-10 18:08:54,922 [DEBUG] Roman Numeral created and saved in 0.03 seconds
2024-07-10 18:08:54,922 [INFO] Completed in 0.44 seconds
2024-07-10 18:08:54,922 [INFO] Overall accuracy: 60.00%
