2024-07-10 18:08:01,135 [INFO] Analyzing Beethoven, Ludwig van - 7 Variations on God Save the King in C Major, B078 ...
2024-07-10 18:08:02,184 [DEBUG] File loaded with music21 in 1.05 seconds
2024-07-10 18:08:02,650 [DEBUG] Note graph created in 0.47 seconds
2024-07-10 18:08:02,795 [DEBUG] Rhythm tree created in 0.14 seconds
2024-07-10 18:08:04,047 [DEBUG] Rhythm tree analyzed in 1.25 seconds
2024-07-10 18:08:04,862 [DEBUG] Tonal graph created in 0.82 seconds
2024-07-10 18:08:04,915 [INFO] Accuracy: 83.33%
2024-07-10 18:08:04,915 [DEBUG] Roman Numeral created and saved in 0.05 seconds
2024-07-10 18:08:04,919 [INFO] Completed in 3.78 seconds
2024-07-10 18:08:04,919 [INFO] Analyzing Chopin, Frédéric - Prelude Op. 28 No. 20 in c minor ...
2024-07-10 18:08:04,993 [DEBUG] File loaded with music21 in 0.07 seconds
2024-07-10 18:08:05,030 [DEBUG] Note graph created in 0.04 seconds
2024-07-10 18:08:05,033 [DEBUG] Rhythm tree created in 0.00 seconds
2024-07-10 18:08:05,117 [DEBUG] Rhythm tree analyzed in 0.08 seconds
2024-07-10 18:08:05,172 [DEBUG] Tonal graph created in 0.06 seconds
2024-07-10 18:08:05,210 [INFO] Accuracy: 66.67%
2024-07-10 18:08:05,210 [DEBUG] Roman Numeral created and saved in 0.04 seconds
2024-07-10 18:08:05,210 [INFO] Completed in 0.29 seconds
2024-07-10 18:08:05,210 [INFO] Analyzing Franz, Schubert - Impromptu Op. 90 No. 2 ...
2024-07-10 18:08:06,103 [DEBUG] File loaded with music21 in 0.89 seconds
2024-07-10 18:08:06,319 [DEBUG] Note graph created in 0.22 seconds
2024-07-10 18:08:06,375 [DEBUG] Rhythm tree created in 0.06 seconds
2024-07-10 18:08:06,860 [DEBUG] Rhythm tree analyzed in 0.48 seconds
2024-07-10 18:08:07,165 [DEBUG] Tonal graph created in 0.31 seconds
2024-07-10 18:08:07,315 [INFO] Accuracy: 47.76%
2024-07-10 18:08:07,315 [DEBUG] Roman Numeral created and saved in 0.15 seconds
2024-07-10 18:08:07,315 [INFO] Completed in 2.10 seconds
2024-07-10 18:08:07,315 [INFO] Analyzing Franz, Schubert - Schwanengesang - No.4 Ständchen ...
2024-07-10 18:08:07,681 [DEBUG] File loaded with music21 in 0.37 seconds
2024-07-10 18:08:07,835 [DEBUG] Note graph created in 0.15 seconds
2024-07-10 18:08:07,856 [DEBUG] Rhythm tree created in 0.02 seconds
2024-07-10 18:08:08,292 [DEBUG] Rhythm tree analyzed in 0.44 seconds
2024-07-10 18:08:08,414 [DEBUG] Tonal graph created in 0.12 seconds
2024-07-10 18:08:08,522 [INFO] Accuracy: 78.95%
2024-07-10 18:08:08,522 [DEBUG] Roman Numeral created and saved in 0.11 seconds
2024-07-10 18:08:08,522 [INFO] Completed in 1.21 seconds
2024-07-10 18:08:08,522 [INFO] Analyzing Hensel, Fanny - 3 Lieder - No.1 Sehnsucht ...
2024-07-10 18:08:08,631 [DEBUG] File loaded with music21 in 0.11 seconds
2024-07-10 18:08:08,665 [DEBUG] Note graph created in 0.03 seconds
2024-07-10 18:08:08,671 [DEBUG] Rhythm tree created in 0.01 seconds
2024-07-10 18:08:08,838 [DEBUG] Rhythm tree analyzed in 0.17 seconds
2024-07-10 18:08:08,912 [DEBUG] Tonal graph created in 0.07 seconds
2024-07-10 18:08:08,945 [INFO] Accuracy: 70.31%
2024-07-10 18:08:08,945 [DEBUG] Roman Numeral created and saved in 0.03 seconds
2024-07-10 18:08:08,945 [INFO] Completed in 0.42 seconds
2024-07-10 18:08:08,945 [INFO] Overall accuracy: 60.00%
